2021-03-07 20:09:22.100  INFO 21804 --- [main] com.maolabs.forms.AopApplication         : Starting AopApplication using Java 11.0.9 on DESKTOP-74GGEO2 with PID 21804 (C:\Users\gleyt\Documents\Estudos\Projetos\aop\target\classes started by gleyt in C:\Users\gleyt\Documents\Estudos\Projetos\aop)
2021-03-07 20:09:22.100  INFO 21804 --- [main] com.maolabs.forms.AopApplication         : No active profile set, falling back to default profiles: default
2021-03-07 20:09:22.642  INFO 21804 --- [main] trationDelegate$BeanPostProcessorChecker : Bean 'aopConfiguration' of type [com.maolabs.forms.web.config.aop.AopConfiguration$$EnhancerBySpringCGLIB$$935d8384] is not eligible for getting processed by all BeanPostProcessors (for example: not eligible for auto-proxying)
2021-03-07 20:09:22.656  INFO 21804 --- [main] trationDelegate$BeanPostProcessorChecker : Bean 'performanceMonitorInterceptor' of type [com.maolabs.forms.web.config.aop.CustomPerformanceMonitorInterceptor] is not eligible for getting processed by all BeanPostProcessors (for example: not eligible for auto-proxying)
2021-03-07 20:09:22.657  INFO 21804 --- [main] trationDelegate$BeanPostProcessorChecker : Bean 'performanceMonitorAdvisor' of type [org.springframework.aop.support.DefaultPointcutAdvisor] is not eligible for getting processed by all BeanPostProcessors (for example: not eligible for auto-proxying)
2021-03-07 20:09:22.875  INFO 21804 --- [main] o.s.b.w.embedded.tomcat.TomcatWebServer  : Tomcat initialized with port(s): 8080 (http)
2021-03-07 20:09:22.880  INFO 21804 --- [main] o.apache.catalina.core.StandardService   : Starting service [Tomcat]
2021-03-07 20:09:22.881  INFO 21804 --- [main] org.apache.catalina.core.StandardEngine  : Starting Servlet engine: [Apache Tomcat/9.0.43]
2021-03-07 20:09:22.928  INFO 21804 --- [main] o.a.c.c.C.[Tomcat].[localhost].[/]       : Initializing Spring embedded WebApplicationContext
2021-03-07 20:09:22.928  INFO 21804 --- [main] w.s.c.ServletWebServerApplicationContext : Root WebApplicationContext: initialization completed in 781 ms
2021-03-07 20:09:23.160  INFO 21804 --- [main] o.s.s.concurrent.ThreadPoolTaskExecutor  : Initializing ExecutorService 'applicationTaskExecutor'
2021-03-07 20:09:23.354  INFO 21804 --- [main] o.s.b.a.e.web.EndpointLinksResolver      : Exposing 14 endpoint(s) beneath base path '/actuator'
2021-03-07 20:09:23.388  INFO 21804 --- [main] o.s.b.w.embedded.tomcat.TomcatWebServer  : Tomcat started on port(s): 8080 (http) with context path ''
2021-03-07 20:09:23.403  INFO 21804 --- [main] com.maolabs.forms.AopApplication         : Started AopApplication in 1.531 seconds (JVM running for 2.07)
2021-03-07 20:09:23.654  INFO 21804 --- [RMI TCP Connection(2)-172.26.160.1] o.a.c.c.C.[Tomcat].[localhost].[/]       : Initializing Spring DispatcherServlet 'dispatcherServlet'
2021-03-07 20:09:23.654  INFO 21804 --- [RMI TCP Connection(2)-172.26.160.1] o.s.web.servlet.DispatcherServlet        : Initializing Servlet 'dispatcherServlet'
2021-03-07 20:09:23.654  INFO 21804 --- [RMI TCP Connection(2)-172.26.160.1] o.s.web.servlet.DispatcherServlet        : Completed initialization in 0 ms
2021-03-07 20:09:38.352  INFO 21804 --- [http-nio-8080-exec-1] .c.a.CustomPerformanceMonitorInterceptor : performancegantt performance_id[com.maolabs.forms.core.adapters.FormCustomRepositoryMock.findById]performance_id  performance_start_date[2021-03-07T20:09:37.3392703]performance_start_date  performance_end_date[2021-03-07T20:09:38.3525543]performance_end_date  performance_total_millis[1012]performance_total_millis arguments[[1]]arguments
2021-03-07 20:09:39.364  INFO 21804 --- [http-nio-8080-exec-1] .c.a.CustomPerformanceMonitorInterceptor : performancegantt performance_id[com.maolabs.forms.core.adapters.FormStructureServiceMock.findByFormId]performance_id  performance_start_date[2021-03-07T20:09:38.3525543]performance_start_date  performance_end_date[2021-03-07T20:09:39.3645039]performance_end_date  performance_total_millis[1012]performance_total_millis arguments[[1]]arguments
2021-03-07 20:09:41.385  INFO 21804 --- [http-nio-8080-exec-1] .c.a.CustomPerformanceMonitorInterceptor : performancegantt performance_id[com.maolabs.forms.core.adapters.FormSchemaValidatorServiceMock.validate]performance_id  performance_start_date[2021-03-07T20:09:39.3645039]performance_start_date  performance_end_date[2021-03-07T20:09:41.3808682]performance_end_date  performance_total_millis[2016]performance_total_millis arguments[[FormCustom(id=1, titulo=null, formStructure=FormStructure(id=null))]]arguments
2021-03-07 20:09:41.388  WARN 21804 --- [http-nio-8080-exec-1] .c.a.CustomPerformanceMonitorInterceptor : com.maolabs.forms.core.adapters.FormSchemaValidatorServiceMock.validate demorou mais que 2000ms: 2016
2021-03-07 20:22:03.867  INFO 21804 --- [http-nio-8080-exec-7] .c.a.CustomPerformanceMonitorInterceptor : performancegantt performance_id[com.maolabs.forms.core.adapters.FormCustomRepositoryMock.findById]performance_id  performance_start_date[2021-03-07T20:22:02.8656204]performance_start_date  performance_end_date[2021-03-07T20:22:03.867967]performance_end_date  performance_total_millis[1002]performance_total_millis arguments[[1]]arguments
2021-03-07 20:22:04.876  INFO 21804 --- [http-nio-8080-exec-7] .c.a.CustomPerformanceMonitorInterceptor : performancegantt performance_id[com.maolabs.forms.core.adapters.FormStructureServiceMock.findByFormId]performance_id  performance_start_date[2021-03-07T20:22:03.867967]performance_start_date  performance_end_date[2021-03-07T20:22:04.876429]performance_end_date  performance_total_millis[1009]performance_total_millis arguments[[1]]arguments
2021-03-07 20:22:06.889  INFO 21804 --- [http-nio-8080-exec-7] .c.a.CustomPerformanceMonitorInterceptor : performancegantt performance_id[com.maolabs.forms.core.adapters.FormSchemaValidatorServiceMock.validate]performance_id  performance_start_date[2021-03-07T20:22:04.876429]performance_start_date  performance_end_date[2021-03-07T20:22:06.8898458]performance_end_date  performance_total_millis[2013]performance_total_millis arguments[[FormCustom(id=1, titulo=null, formStructure=FormStructure(id=null))]]arguments
2021-03-07 20:22:06.889  WARN 21804 --- [http-nio-8080-exec-7] .c.a.CustomPerformanceMonitorInterceptor : com.maolabs.forms.core.adapters.FormSchemaValidatorServiceMock.validate demorou mais que 2000ms: 2013
2021-03-07 21:48:15.179  INFO 21804 --- [SpringContextShutdownHook] o.s.s.concurrent.ThreadPoolTaskExecutor  : Shutting down ExecutorService 'applicationTaskExecutor'
2021-03-07 21:48:19.021  INFO 20072 --- [main] com.maolabs.forms.AopApplication         : Starting AopApplication using Java 11.0.9 on DESKTOP-74GGEO2 with PID 20072 (C:\Users\gleyt\Documents\Estudos\Projetos\aop\target\classes started by gleyt in C:\Users\gleyt\Documents\Estudos\Projetos\aop)
2021-03-07 21:48:19.021  INFO 20072 --- [main] com.maolabs.forms.AopApplication         : No active profile set, falling back to default profiles: default
2021-03-07 21:48:19.472  INFO 20072 --- [main] trationDelegate$BeanPostProcessorChecker : Bean 'aopConfiguration' of type [com.maolabs.forms.web.config.aop.AopConfiguration$$EnhancerBySpringCGLIB$$e89c3412] is not eligible for getting processed by all BeanPostProcessors (for example: not eligible for auto-proxying)
2021-03-07 21:48:19.487  INFO 20072 --- [main] trationDelegate$BeanPostProcessorChecker : Bean 'performanceMonitorInterceptor' of type [com.maolabs.forms.web.config.aop.CustomPerformanceMonitorInterceptor] is not eligible for getting processed by all BeanPostProcessors (for example: not eligible for auto-proxying)
2021-03-07 21:48:19.487  INFO 20072 --- [main] trationDelegate$BeanPostProcessorChecker : Bean 'performanceMonitorAdvisor' of type [org.springframework.aop.support.DefaultPointcutAdvisor] is not eligible for getting processed by all BeanPostProcessors (for example: not eligible for auto-proxying)
2021-03-07 21:48:19.836  INFO 20072 --- [main] o.s.b.w.embedded.tomcat.TomcatWebServer  : Tomcat initialized with port(s): 8080 (http)
2021-03-07 21:48:19.836  INFO 20072 --- [main] o.apache.catalina.core.StandardService   : Starting service [Tomcat]
2021-03-07 21:48:19.836  INFO 20072 --- [main] org.apache.catalina.core.StandardEngine  : Starting Servlet engine: [Apache Tomcat/9.0.43]
2021-03-07 21:48:19.882  INFO 20072 --- [main] o.a.c.c.C.[Tomcat].[localhost].[/]       : Initializing Spring embedded WebApplicationContext
2021-03-07 21:48:19.882  INFO 20072 --- [main] w.s.c.ServletWebServerApplicationContext : Root WebApplicationContext: initialization completed in 833 ms
2021-03-07 21:48:20.099  INFO 20072 --- [main] o.s.s.concurrent.ThreadPoolTaskExecutor  : Initializing ExecutorService 'applicationTaskExecutor'
2021-03-07 21:48:20.263  INFO 20072 --- [main] o.s.b.a.e.web.EndpointLinksResolver      : Exposing 14 endpoint(s) beneath base path '/actuator'
2021-03-07 21:48:20.294  INFO 20072 --- [main] o.s.b.w.embedded.tomcat.TomcatWebServer  : Tomcat started on port(s): 8080 (http) with context path ''
2021-03-07 21:48:20.310  INFO 20072 --- [main] com.maolabs.forms.AopApplication         : Started AopApplication in 1.532 seconds (JVM running for 1.759)
2021-03-07 21:49:58.779  INFO 20072 --- [http-nio-8080-exec-1] o.a.c.c.C.[Tomcat].[localhost].[/]       : Initializing Spring DispatcherServlet 'dispatcherServlet'
2021-03-07 21:49:58.779  INFO 20072 --- [http-nio-8080-exec-1] o.s.web.servlet.DispatcherServlet        : Initializing Servlet 'dispatcherServlet'
2021-03-07 21:49:58.779  INFO 20072 --- [http-nio-8080-exec-1] o.s.web.servlet.DispatcherServlet        : Completed initialization in 0 ms
2021-03-07 21:49:59.821  INFO 20072 --- [http-nio-8080-exec-1] .c.a.CustomPerformanceMonitorInterceptor : performancegantt performance_id[com.maolabs.forms.core.adapters.FormCustomRepositoryMock.findById]performance_id  performance_start_date[2021-03-07T21:49:58.7948692]performance_start_date  performance_end_date[2021-03-07T21:49:59.8215432]performance_end_date  performance_total_millis[1027]performance_total_millis arguments[[1]]arguments
2021-03-07 21:50:00.826  INFO 20072 --- [http-nio-8080-exec-1] .c.a.CustomPerformanceMonitorInterceptor : performancegantt performance_id[com.maolabs.forms.core.adapters.FormStructureServiceMock.findByFormId]performance_id  performance_start_date[2021-03-07T21:49:59.8215432]performance_start_date  performance_end_date[2021-03-07T21:50:00.8261774]performance_end_date  performance_total_millis[1005]performance_total_millis arguments[[1]]arguments
2021-03-07 21:50:02.830  INFO 20072 --- [http-nio-8080-exec-1] .c.a.CustomPerformanceMonitorInterceptor : performancegantt performance_id[com.maolabs.forms.core.adapters.FormSchemaValidatorServiceMock.validate]performance_id  performance_start_date[2021-03-07T21:50:00.8261774]performance_start_date  performance_end_date[2021-03-07T21:50:02.8304009]performance_end_date  performance_total_millis[2004]performance_total_millis arguments[[FormCustom(id=1, titulo=null, formStructure=FormStructure(id=null))]]arguments
2021-03-07 21:50:02.830  WARN 20072 --- [http-nio-8080-exec-1] .c.a.CustomPerformanceMonitorInterceptor : com.maolabs.forms.core.adapters.FormSchemaValidatorServiceMock.validate demorou mais que 2000ms: 2004
2021-03-07 22:51:22.367  INFO 20072 --- [SpringContextShutdownHook] o.s.s.concurrent.ThreadPoolTaskExecutor  : Shutting down ExecutorService 'applicationTaskExecutor'
